<?xml version="1.0" encoding="UTF-8"?>
<!-- Generated by org.testng.reporters.JUnitReportReporter -->
<testsuite hostname="DELL-PC" name="com.qa.tests.HRM_Login" tests="1" failures="0" timestamp="22 Nov 2019 03:12:57 GMT" time="19.233" errors="0">
  <testcase name="login" time="19.233" classname="com.qa.tests.HRM_Login"/>
</testsuite> <!-- com.qa.tests.HRM_Login -->
